--------------------------------------------------------------------------------
Release 14.7 Trace  (lin64)
Copyright (c) 1995-2013 Xilinx, Inc.  All rights reserved.

/opt/Xilinx/14.7/ISE_DS/ISE/bin/lin64/unwrapped/trce -intstyle ise -v 3 -s 3 -n
3 -fastpaths -xml multipleksowanie.twx multipleksowanie.ncd -o
multipleksowanie.twr multipleksowanie.pcf -ucf Nexys4DDR_Master.ucf

Design file:              multipleksowanie.ncd
Physical constraint file: multipleksowanie.pcf
Device,package,speed:     xc7a100t,csg324,C,-3 (PRODUCTION 1.10 2013-10-13)
Report level:             verbose report

Environment Variable      Effect 
--------------------      ------ 
NONE                      No environment variables were set
--------------------------------------------------------------------------------

INFO:Timing:2698 - No timing constraints found, doing default enumeration.
INFO:Timing:3412 - To improve timing, see the Timing Closure User Guide (UG612).
INFO:Timing:2752 - To get complete path coverage, use the unconstrained paths 
   option. All paths that are not constrained will be reported in the 
   unconstrained paths section(s) of the report.
INFO:Timing:3339 - The clock-to-out numbers in this timing report are based on 
   a 50 Ohm transmission line loading model.  For the details of this model, 
   and for more information on accounting for different loading conditions, 
   please see the device datasheet.



Data Sheet report:
-----------------
All values displayed in nanoseconds (ns)

Setup/Hold to clock clk
------------+------------+------------+------------+------------+------------------+--------+
            |Max Setup to|  Process   |Max Hold to |  Process   |                  | Clock  |
Source      | clk (edge) |   Corner   | clk (edge) |   Corner   |Internal Clock(s) | Phase  |
------------+------------+------------+------------+------------+------------------+--------+
odczyt      |   -0.374(R)|      FAST  |    2.263(R)|      SLOW  |clk_BUFGP         |   0.000|
reset_stop  |   -0.476(R)|      FAST  |    2.275(R)|      SLOW  |clk_BUFGP         |   0.000|
start       |   -0.295(R)|      FAST  |    2.089(R)|      SLOW  |clk_BUFGP         |   0.000|
stop        |   -0.563(R)|      FAST  |    2.425(R)|      SLOW  |clk_BUFGP         |   0.000|
------------+------------+------------+------------+------------+------------------+--------+

Clock clk to Pad
------------+-----------------+------------+-----------------+------------+------------------+--------+
            |Max (slowest) clk|  Process   |Min (fastest) clk|  Process   |                  | Clock  |
Destination |  (edge) to PAD  |   Corner   |  (edge) to PAD  |   Corner   |Internal Clock(s) | Phase  |
------------+-----------------+------------+-----------------+------------+------------------+--------+
wyj_dek<0>  |        11.930(R)|      SLOW  |         4.110(R)|      FAST  |clk_BUFGP         |   0.000|
wyj_dek<1>  |        11.602(R)|      SLOW  |         4.119(R)|      FAST  |clk_BUFGP         |   0.000|
wyj_dek<2>  |        11.117(R)|      SLOW  |         3.855(R)|      FAST  |clk_BUFGP         |   0.000|
wyj_dek<3>  |        12.353(R)|      SLOW  |         4.355(R)|      FAST  |clk_BUFGP         |   0.000|
wyj_dek<4>  |        12.143(R)|      SLOW  |         4.256(R)|      FAST  |clk_BUFGP         |   0.000|
wyj_dek<5>  |        12.146(R)|      SLOW  |         4.217(R)|      FAST  |clk_BUFGP         |   0.000|
wyj_dek<6>  |        12.333(R)|      SLOW  |         4.416(R)|      FAST  |clk_BUFGP         |   0.000|
------------+-----------------+------------+-----------------+------------+------------------+--------+

Clock to Setup on destination clock clk
---------------+---------+---------+---------+---------+
               | Src:Rise| Src:Fall| Src:Rise| Src:Fall|
Source Clock   |Dest:Rise|Dest:Rise|Dest:Fall|Dest:Fall|
---------------+---------+---------+---------+---------+
clk            |    0.805|         |         |    3.522|
---------------+---------+---------+---------+---------+


Analysis completed Fri May 28 02:05:50 2021 
--------------------------------------------------------------------------------

Trace Settings:
-------------------------
Trace Settings 

Peak Memory Usage: 766 MB



